###############################################################################
#
# IAR C/C++ Compiler V10.20.1.5333 for 8051               28/Apr/2026  20:22:10
# Copyright 2004-2018 IAR Systems AB.
# PC-locked license - IAR Embedded Workbench for 8051
#
#    Core               =  plain
#    Code model         =  banked
#    Data model         =  large
#    Calling convention =  xdata reentrant
#    Constant location  =  data_rom
#    Dptr setup         =  1,16
#                          
#    Source file        =  
#        E:\BaiduNetdiskDownload\´đ°¸\ĘµŃéČý ZigBee´úÂë\Z-Stack 3.0.1\Z-Stack
#        3.0.1\Components\hal\target\CC2530EB\hal_led.c
#    Command line       =  
#        -f C:\Users\ZH\AppData\Local\Temp\EW505B.tmp
#        ("E:\BaiduNetdiskDownload\´đ°¸\ĘµŃéČý ZigBee´úÂë\Z-Stack 3.0.1\Z-Stack
#        3.0.1\Components\hal\target\CC2530EB\hal_led.c" -D SECURE=1 -D
#        TC_LINKKEY_JOIN -D NV_INIT -D NV_RESTORE -D xZTOOL_P1 -D xMT_TASK -D
#        xMT_APP_FUNC -D xMT_SYS_FUNC -D xMT_ZDO_FUNC -D xMT_ZDO_MGMT -D
#        xMT_APP_CNF_FUNC -D LCD_SUPPORTED=DEBUG -D MULTICAST_ENABLED=FALSE -D
#        ZCL_READ -D ZCL_DISCOVER -D ZCL_WRITE -D ZCL_BASIC -D ZCL_IDENTIFY -D
#        ZCL_ON_OFF -D ZCL_GROUPS -D ZCL_REPORT_DESTINATION_DEVICE -D
#        ZCL_REPORT -D HAL_LED=TRUE -D HAL_KEY=TRUE -D ISR_KEYINTERRUPT -D
#        HAL_UART=TRUE -D INT_HEAP_LEN=2300 -D HAL_LCD=TRUE -D
#        xHAL_LCD_OLED12864 -D HAL_ADC=TRUE -D HAL_UART=TRUE -D
#        INT_HEAP_LEN=2048 -lC "E:\BaiduNetdiskDownload\´đ°¸\ĘµŃéČý
#        ZigBee´úÂë\Z-Stack 3.0.1\Z-Stack
#        3.0.1\Projects\zstack\HomeAutomation\SampleSwitch\CC2530DB\CoordinatorEB\List"
#        -lA "E:\BaiduNetdiskDownload\´đ°¸\ĘµŃéČý ZigBee´úÂë\Z-Stack
#        3.0.1\Z-Stack
#        3.0.1\Projects\zstack\HomeAutomation\SampleSwitch\CC2530DB\CoordinatorEB\List"
#        --diag_suppress Pe001,Pa010 -o "E:\BaiduNetdiskDownload\´đ°¸\ĘµŃéČý
#        ZigBee´úÂë\Z-Stack 3.0.1\Z-Stack
#        3.0.1\Projects\zstack\HomeAutomation\SampleSwitch\CC2530DB\CoordinatorEB\Obj"
#        -e --debug --core=plain --dptr=16,1 --data_model=large
#        --code_model=banked --calling_convention=xdata_reentrant
#        --place_constants=data_rom --nr_virtual_regs 8 -f
#        "E:\BaiduNetdiskDownload\´đ°¸\ĘµŃéČý ZigBee´úÂë\Z-Stack 3.0.1\Z-Stack
#        3.0.1\Projects\zstack\HomeAutomation\SampleSwitch\CC2530DB\..\..\..\Tools\CC2530DB\f8wCoord.cfg"
#        (-DCPU32MHZ -DROOT=__near_func -DMAC_CFG_APP_PENDING_QUEUE=TRUE
#        -DMAC_CFG_TX_DATA_MAX=5 -DMAC_CFG_TX_MAX=8 -DMAC_CFG_RX_MAX=5
#        -DZDO_COORDINATOR -DRTR_NWK) -f "E:\BaiduNetdiskDownload\´đ°¸\ĘµŃéČý
#        ZigBee´úÂë\Z-Stack 3.0.1\Z-Stack
#        3.0.1\Projects\zstack\HomeAutomation\SampleSwitch\CC2530DB\..\..\..\Tools\CC2530DB\f8wConfig.cfg"
#        (-DZIGBEEPRO -DSECURE=1 -DZG_SECURE_DYNAMIC=0 -DREFLECTOR
#        -DDEFAULT_CHANLIST=0x00000800 -DZDAPP_CONFIG_PAN_ID=0xFFFF
#        -DNWK_START_DELAY=100 -DEXTENDED_JOINING_RANDOM_MASK=0x007F
#        -DBEACON_REQUEST_DELAY=100 -DBEACON_REQ_DELAY_MASK=0x00FF
#        -DLINK_STATUS_JITTER_MASK=0x007F -DROUTE_EXPIRY_TIME=30
#        -DAPSC_ACK_WAIT_DURATION_POLLED=3000 -DNWK_INDIRECT_MSG_TIMEOUT=7
#        -DMAX_RREQ_ENTRIES=8 -DAPSC_MAX_FRAME_RETRIES=3
#        -DNWK_MAX_DATA_RETRIES=2 -DMAX_POLL_FAILURE_RETRIES=2 -DMAX_BCAST=9
#        -DAPS_MAX_GROUPS=16 -DMAX_RTG_ENTRIES=40 -DNWK_MAX_BINDING_ENTRIES=4
#        -DMAX_BINDING_CLUSTER_IDS=4 -DDEFAULT_KEY={0} -DMAC_MAX_FRAME_SIZE=116
#        -DZDNWKMGR_MIN_TRANSMISSIONS=20 "-DCONST=const __code"
#        -DGENERIC=__generic -DRFD_RCVC_ALWAYS_ON=FALSE -DPOLL_RATE=1000
#        -DQUEUED_POLL_RATE=100 -DRESPONSE_POLL_RATE=100 -DREJOIN_POLL_RATE=440
#        -DREJOIN_BACKOFF=900000 -DREJOIN_SCAN=900000 -DENABLE_LED4_DISABLE_S1)
#        -f "E:\BaiduNetdiskDownload\´đ°¸\ĘµŃéČý ZigBee´úÂë\Z-Stack
#        3.0.1\Z-Stack
#        3.0.1\Projects\zstack\HomeAutomation\SampleSwitch\CC2530DB\..\..\..\Tools\CC2530DB\f8wZCL.cfg"
#        -I "E:\BaiduNetdiskDownload\´đ°¸\ĘµŃéČý ZigBee´úÂë\Z-Stack
#        3.0.1\Z-Stack
#        3.0.1\Projects\zstack\HomeAutomation\SampleSwitch\CC2530DB\" -I
#        "E:\BaiduNetdiskDownload\´đ°¸\ĘµŃéČý ZigBee´úÂë\Z-Stack 3.0.1\Z-Stack
#        3.0.1\Projects\zstack\HomeAutomation\SampleSwitch\CC2530DB\..\Source\"
#        -I "E:\BaiduNetdiskDownload\´đ°¸\ĘµŃéČý ZigBee´úÂë\Z-Stack
#        3.0.1\Z-Stack
#        3.0.1\Projects\zstack\HomeAutomation\SampleSwitch\CC2530DB\..\..\Source\"
#        -I "E:\BaiduNetdiskDownload\´đ°¸\ĘµŃéČý ZigBee´úÂë\Z-Stack
#        3.0.1\Z-Stack
#        3.0.1\Projects\zstack\HomeAutomation\SampleSwitch\CC2530DB\..\..\..\ZMain\TI2530DB\"
#        -I "E:\BaiduNetdiskDownload\´đ°¸\ĘµŃéČý ZigBee´úÂë\Z-Stack
#        3.0.1\Z-Stack
#        3.0.1\Projects\zstack\HomeAutomation\SampleSwitch\CC2530DB\..\..\..\..\..\Components\hal\include\"
#        -I "E:\BaiduNetdiskDownload\´đ°¸\ĘµŃéČý ZigBee´úÂë\Z-Stack
#        3.0.1\Z-Stack
#        3.0.1\Projects\zstack\HomeAutomation\SampleSwitch\CC2530DB\..\..\..\..\..\Components\hal\target\CC2530EB\"
#        -I "E:\BaiduNetdiskDownload\´đ°¸\ĘµŃéČý ZigBee´úÂë\Z-Stack
#        3.0.1\Z-Stack
#        3.0.1\Projects\zstack\HomeAutomation\SampleSwitch\CC2530DB\..\..\..\..\..\Components\mac\include\"
#        -I "E:\BaiduNetdiskDownload\´đ°¸\ĘµŃéČý ZigBee´úÂë\Z-Stack
#        3.0.1\Z-Stack
#        3.0.1\Projects\zstack\HomeAutomation\SampleSwitch\CC2530DB\..\..\..\..\..\Components\mac\high_level\"
#        -I "E:\BaiduNetdiskDownload\´đ°¸\ĘµŃéČý ZigBee´úÂë\Z-Stack
#        3.0.1\Z-Stack
#        3.0.1\Projects\zstack\HomeAutomation\SampleSwitch\CC2530DB\..\..\..\..\..\Components\mac\low_level\srf04\"
#        -I "E:\BaiduNetdiskDownload\´đ°¸\ĘµŃéČý ZigBee´úÂë\Z-Stack
#        3.0.1\Z-Stack
#        3.0.1\Projects\zstack\HomeAutomation\SampleSwitch\CC2530DB\..\..\..\..\..\Components\mac\low_level\srf04\single_chip\"
#        -I "E:\BaiduNetdiskDownload\´đ°¸\ĘµŃéČý ZigBee´úÂë\Z-Stack
#        3.0.1\Z-Stack
#        3.0.1\Projects\zstack\HomeAutomation\SampleSwitch\CC2530DB\..\..\..\..\..\Components\mt\"
#        -I "E:\BaiduNetdiskDownload\´đ°¸\ĘµŃéČý ZigBee´úÂë\Z-Stack
#        3.0.1\Z-Stack
#        3.0.1\Projects\zstack\HomeAutomation\SampleSwitch\CC2530DB\..\..\..\..\..\Components\osal\include\"
#        -I "E:\BaiduNetdiskDownload\´đ°¸\ĘµŃéČý ZigBee´úÂë\Z-Stack
#        3.0.1\Z-Stack
#        3.0.1\Projects\zstack\HomeAutomation\SampleSwitch\CC2530DB\..\..\..\..\..\Components\services\saddr\"
#        -I "E:\BaiduNetdiskDownload\´đ°¸\ĘµŃéČý ZigBee´úÂë\Z-Stack
#        3.0.1\Z-Stack
#        3.0.1\Projects\zstack\HomeAutomation\SampleSwitch\CC2530DB\..\..\..\..\..\Components\services\sdata\"
#        -I "E:\BaiduNetdiskDownload\´đ°¸\ĘµŃéČý ZigBee´úÂë\Z-Stack
#        3.0.1\Z-Stack
#        3.0.1\Projects\zstack\HomeAutomation\SampleSwitch\CC2530DB\..\..\..\..\..\Components\stack\af\"
#        -I "E:\BaiduNetdiskDownload\´đ°¸\ĘµŃéČý ZigBee´úÂë\Z-Stack
#        3.0.1\Z-Stack
#        3.0.1\Projects\zstack\HomeAutomation\SampleSwitch\CC2530DB\..\..\..\..\..\Components\stack\bdb\"
#        -I "E:\BaiduNetdiskDownload\´đ°¸\ĘµŃéČý ZigBee´úÂë\Z-Stack
#        3.0.1\Z-Stack
#        3.0.1\Projects\zstack\HomeAutomation\SampleSwitch\CC2530DB\..\..\..\..\..\Components\stack\gp\"
#        -I "E:\BaiduNetdiskDownload\´đ°¸\ĘµŃéČý ZigBee´úÂë\Z-Stack
#        3.0.1\Z-Stack
#        3.0.1\Projects\zstack\HomeAutomation\SampleSwitch\CC2530DB\..\..\..\..\..\Components\stack\nwk\"
#        -I "E:\BaiduNetdiskDownload\´đ°¸\ĘµŃéČý ZigBee´úÂë\Z-Stack
#        3.0.1\Z-Stack
#        3.0.1\Projects\zstack\HomeAutomation\SampleSwitch\CC2530DB\..\..\..\..\..\Components\stack\sapi\"
#        -I "E:\BaiduNetdiskDownload\´đ°¸\ĘµŃéČý ZigBee´úÂë\Z-Stack
#        3.0.1\Z-Stack
#        3.0.1\Projects\zstack\HomeAutomation\SampleSwitch\CC2530DB\..\..\..\..\..\Components\stack\sec\"
#        -I "E:\BaiduNetdiskDownload\´đ°¸\ĘµŃéČý ZigBee´úÂë\Z-Stack
#        3.0.1\Z-Stack
#        3.0.1\Projects\zstack\HomeAutomation\SampleSwitch\CC2530DB\..\..\..\..\..\Components\stack\sys\"
#        -I "E:\BaiduNetdiskDownload\´đ°¸\ĘµŃéČý ZigBee´úÂë\Z-Stack
#        3.0.1\Z-Stack
#        3.0.1\Projects\zstack\HomeAutomation\SampleSwitch\CC2530DB\..\..\..\..\..\Components\stack\zcl\"
#        -I "E:\BaiduNetdiskDownload\´đ°¸\ĘµŃéČý ZigBee´úÂë\Z-Stack
#        3.0.1\Z-Stack
#        3.0.1\Projects\zstack\HomeAutomation\SampleSwitch\CC2530DB\..\..\..\..\..\Components\stack\zdo\"
#        -I "E:\BaiduNetdiskDownload\´đ°¸\ĘµŃéČý ZigBee´úÂë\Z-Stack
#        3.0.1\Z-Stack
#        3.0.1\Projects\zstack\HomeAutomation\SampleSwitch\CC2530DB\..\..\..\..\..\Components\zmac\"
#        -I "E:\BaiduNetdiskDownload\´đ°¸\ĘµŃéČý ZigBee´úÂë\Z-Stack
#        3.0.1\Z-Stack
#        3.0.1\Projects\zstack\HomeAutomation\SampleSwitch\CC2530DB\..\..\..\..\..\Components\zmac\f8w\"
#        -I "E:\BaiduNetdiskDownload\´đ°¸\ĘµŃéČý ZigBee´úÂë\Z-Stack
#        3.0.1\Z-Stack
#        3.0.1\Projects\zstack\HomeAutomation\SampleSwitch\CC2530DB\..\..\..\..\..\Components\hal\target\CC2530EB\Common\"
#        -I "E:\BaiduNetdiskDownload\´đ°¸\ĘµŃéČý ZigBee´úÂë\Z-Stack
#        3.0.1\Z-Stack
#        3.0.1\Projects\zstack\HomeAutomation\SampleSwitch\CC2530DB\..\..\..\..\..\Components\hal\target\CC2530EB\SPI\"
#        -I "E:\BaiduNetdiskDownload\´đ°¸\ĘµŃéČý ZigBee´úÂë\Z-Stack
#        3.0.1\Z-Stack
#        3.0.1\Projects\zstack\HomeAutomation\SampleSwitch\CC2530DB\..\..\..\..\..\Components\hal\target\CC2530EB\HW_LCD\Font\"
#        -I "E:\BaiduNetdiskDownload\´đ°¸\ĘµŃéČý ZigBee´úÂë\Z-Stack
#        3.0.1\Z-Stack
#        3.0.1\Projects\zstack\HomeAutomation\SampleSwitch\CC2530DB\..\..\..\..\..\Components\hal\target\CC2530EB\HW_LCD\HAL_LCD_SPI\"
#        -I "E:\BaiduNetdiskDownload\´đ°¸\ĘµŃéČý ZigBee´úÂë\Z-Stack
#        3.0.1\Z-Stack
#        3.0.1\Projects\zstack\HomeAutomation\SampleSwitch\CC2530DB\..\..\..\..\..\Components\hal\target\CC2530EB\HW_LCD\HAL_OLED\"
#        -I "E:\BaiduNetdiskDownload\´đ°¸\ĘµŃéČý ZigBee´úÂë\Z-Stack
#        3.0.1\Z-Stack
#        3.0.1\Projects\zstack\HomeAutomation\SampleSwitch\CC2530DB\..\..\..\..\..\Components\hal\target\CC2530EB\HW_LCD\HAL_TFT\"
#        -Ohz --require_prototypes)
#    Locale             =  Chinese (Simplified)_CHN.936
#    List file          =  
#        E:\BaiduNetdiskDownload\´đ°¸\ĘµŃéČý ZigBee´úÂë\Z-Stack 3.0.1\Z-Stack
#        3.0.1\Projects\zstack\HomeAutomation\SampleSwitch\CC2530DB\CoordinatorEB\List\hal_led.lst
#    Object file        =  
#        E:\BaiduNetdiskDownload\´đ°¸\ĘµŃéČý ZigBee´úÂë\Z-Stack 3.0.1\Z-Stack
#        3.0.1\Projects\zstack\HomeAutomation\SampleSwitch\CC2530DB\CoordinatorEB\Obj\hal_led.r51
#
###############################################################################

E:\BaiduNetdiskDownload\´đ°¸\ĘµŃéČý ZigBee´úÂë\Z-Stack 3.0.1\Z-Stack 3.0.1\Components\hal\target\CC2530EB\hal_led.c
      1          /**************************************************************************************************
      2            Filename:       hal_led.c
      3            Revised:        $Date: 2011-09-15 16:51:11 -0700 (Thu, 15 Sep 2011) $
      4            Revision:       $Revision: 27590 $
      5          
      6            Description:    This file contains the interface to the HAL LED Service.
      7          
      8          
      9            Copyright 2006-2011 Texas Instruments Incorporated. All rights reserved.
     10          
     11            IMPORTANT: Your use of this Software is limited to those specific rights
     12            granted under the terms of a software license agreement between the user
     13            who downloaded the software, his/her employer (which must be your employer)
     14            and Texas Instruments Incorporated (the "License").  You may not use this
     15            Software unless you agree to abide by the terms of the License. The License
     16            limits your use, and you acknowledge, that the Software may not be modified,
     17            copied or distributed unless embedded on a Texas Instruments microcontroller
     18            or used solely and exclusively in conjunction with a Texas Instruments radio
     19            frequency transceiver, which is integrated into your product.  Other than for
     20            the foregoing purpose, you may not use, reproduce, copy, prepare derivative
     21            works of, modify, distribute, perform, display or sell this Software and/or
     22            its documentation for any purpose.
     23          
     24            YOU FURTHER ACKNOWLEDGE AND AGREE THAT THE SOFTWARE AND DOCUMENTATION ARE
     25            PROVIDED “AS IS” WITHOUT WARRANTY OF ANY KIND, EITHER EXPRESS OR IMPLIED,
     26            INCLUDING WITHOUT LIMITATION, ANY WARRANTY OF MERCHANTABILITY, TITLE,
     27            NON-INFRINGEMENT AND FITNESS FOR A PARTICULAR PURPOSE. IN NO EVENT SHALL
     28            TEXAS INSTRUMENTS OR ITS LICENSORS BE LIABLE OR OBLIGATED UNDER CONTRACT,
     29            NEGLIGENCE, STRICT LIABILITY, CONTRIBUTION, BREACH OF WARRANTY, OR OTHER
     30            LEGAL EQUITABLE THEORY ANY DIRECT OR INDIRECT DAMAGES OR EXPENSES
     31            INCLUDING BUT NOT LIMITED TO ANY INCIDENTAL, SPECIAL, INDIRECT, PUNITIVE
     32            OR CONSEQUENTIAL DAMAGES, LOST PROFITS OR LOST DATA, COST OF PROCUREMENT
     33            OF SUBSTITUTE GOODS, TECHNOLOGY, SERVICES, OR ANY CLAIMS BY THIRD PARTIES
     34            (INCLUDING BUT NOT LIMITED TO ANY DEFENSE THEREOF), OR OTHER SIMILAR COSTS.
     35          
     36            Should you have any questions regarding your right to use this Software,
     37            contact Texas Instruments Incorporated at www.TI.com.
     38          **************************************************************************************************/
     39          
     40          /***************************************************************************************************
     41           *                                             INCLUDES
     42           ***************************************************************************************************/
     43          #include "hal_mcu.h"

   \                                 In  segment SFR_AN, at 0x80
   \   union <unnamed> volatile __sfr _A_P0
   \                     _A_P0:
   \   000000                DS 1

   \                                 In  segment SFR_AN, at 0x90
   \   union <unnamed> volatile __sfr _A_P1
   \                     _A_P1:
   \   000000                DS 1
     44          #include "hal_defs.h"
     45          #include "hal_types.h"
     46          #include "hal_drivers.h"
     47          #include "hal_led.h"
     48          #include "osal.h"
     49          #include "hal_board.h"
     50          
     51          /***************************************************************************************************
     52           *                                             CONSTANTS
     53           ***************************************************************************************************/
     54          
     55          /***************************************************************************************************
     56           *                                              MACROS
     57           ***************************************************************************************************/
     58          
     59          /***************************************************************************************************
     60           *                                              TYPEDEFS
     61           ***************************************************************************************************/
     62          /* LED control structure */
     63          typedef struct {
     64            uint8 mode;       /* Operation mode */
     65            uint8 todo;       /* Blink cycles left */
     66            uint8 onPct;      /* On cycle percentage */
     67            uint16 time;      /* On/off cycle time (msec) */
     68            uint32 next;      /* Time for next change */
     69          } HalLedControl_t;
     70          
     71          typedef struct
     72          {
     73            HalLedControl_t HalLedControlTable[HAL_LED_DEFAULT_MAX_LEDS];
     74            uint8           sleepActive;
     75          } HalLedStatus_t;
     76          
     77          
     78          /***************************************************************************************************
     79           *                                           GLOBAL VARIABLES
     80           ***************************************************************************************************/
     81          
     82          

   \                                 In  segment XDATA_Z, align 1, keep-with-next
     83          static uint8 HalLedState;              // LED state at last set/clr/blink update
   \                     HalLedState:
   \   000000                DS 1
   \   000001                REQUIRE __INIT_XDATA_Z
     84          
     85          #if HAL_LED == TRUE

   \                                 In  segment XDATA_Z, align 1, keep-with-next
     86          static uint8 HalSleepLedState;         // LED state at last set/clr/blink update
   \                     HalSleepLedState:
   \   000000                DS 1
   \   000001                REQUIRE __INIT_XDATA_Z

   \                                 In  segment XDATA_Z, align 1, keep-with-next
     87          static uint8 preBlinkState;            // Original State before going to blink mode
   \                     preBlinkState:
   \   000000                DS 1
   \   000001                REQUIRE __INIT_XDATA_Z
     88                                                 // bit 0, 1, 2, 3 represent led 0, 1, 2, 3
     89          #endif
     90          
     91          #ifdef BLINK_LEDS

   \                                 In  segment XDATA_Z, align 1, keep-with-next
     92            static HalLedStatus_t HalLedStatusControl;
   \                     HalLedStatusControl:
   \   000000                DS 37
   \   000025                REQUIRE __INIT_XDATA_Z
     93          #endif
     94          
     95          /***************************************************************************************************
     96           *                                            LOCAL FUNCTION
     97           ***************************************************************************************************/
     98          #if (HAL_LED == TRUE)
     99          void HalLedUpdate (void);
    100          void HalLedOnOff (uint8 leds, uint8 mode);
    101          #endif /* HAL_LED */
    102          
    103          /***************************************************************************************************
    104           *                                            FUNCTIONS - API
    105           ***************************************************************************************************/
    106          
    107          /***************************************************************************************************
    108           * @fn      HalLedInit
    109           *
    110           * @brief   Initialize LED Service
    111           *
    112           * @param   init - pointer to void that contains the initialized value
    113           *
    114           * @return  None
    115           ***************************************************************************************************/

   \                                 In  segment BANKED_CODE, align 1, keep-with-next
    116          void HalLedInit (void)
   \                     HalLedInit:
    117          {
   \   000000   C082         PUSH      DPL
   \   000002   C083         PUSH      DPH
   \   000004                ; Saved register size: 2
   \   000004                ; Auto size: 0
    118          #if (HAL_LED == TRUE)
    119            /* Initialize all LEDs to OFF */
    120            HalLedSet (HAL_LED_ALL, HAL_LED_MODE_OFF);
   \   000004                ; Setup parameters for call to function HalLedSet
   \   000004   7A00         MOV       R2,#0x0
   \   000006   790F         MOV       R1,#0xf
   \   000008   12....       LCALL     `??HalLedSet::?relay`; Banked call to: HalLedSet
    121          #endif /* HAL_LED */
    122          #ifdef BLINK_LEDS
    123            /* Initialize sleepActive to FALSE */
    124            HalLedStatusControl.sleepActive = FALSE;
   \   00000B   02....       LJMP      ?Subroutine0 & 0xFFFF
    125          #endif
    126          }

   \                                 In  segment BANKED_CODE, align 1, keep-with-next
   \                     ?Subroutine0:
   \   000000   90....       MOV       DPTR,#HalLedStatusControl + 36
   \   000003   E4           CLR       A
   \   000004                REQUIRE ??Subroutine11_0
   \   000004                ; // Fall through to label ??Subroutine11_0

   \                                 In  segment BANKED_CODE, align 1, keep-with-next
   \                     ??Subroutine11_0:
   \   000000   F0           MOVX      @DPTR,A
   \   000001                REQUIRE ??Subroutine12_0
   \   000001                ; // Fall through to label ??Subroutine12_0

   \                                 In  segment BANKED_CODE, align 1, keep-with-next
   \                     ??Subroutine12_0:
   \   000000   D083         POP       DPH
   \   000002   D082         POP       DPL
   \   000004   02....       LJMP      ?BRET
    127          
    128          /***************************************************************************************************
    129           * @fn      HalLedSet
    130           *
    131           * @brief   Tun ON/OFF/TOGGLE given LEDs
    132           *
    133           * @param   led - bit mask value of leds to be turned ON/OFF/TOGGLE
    134           *          mode - BLINK, FLASH, TOGGLE, ON, OFF
    135           * @return  None
    136           ***************************************************************************************************/

   \                                 In  segment BANKED_CODE, align 1, keep-with-next
    137          uint8 HalLedSet (uint8 leds, uint8 mode)
   \                     HalLedSet:
    138          {
   \   000000                REQUIRE ?V0
   \   000000                REQUIRE ?V1
   \   000000                REQUIRE ?V2
   \   000000   74F5         MOV       A,#-0xb
   \   000002   12....       LCALL     ?BANKED_ENTER_XDATA
   \   000005                ; Saved register size: 11
   \   000005                ; Auto size: 0
   \   000005   89..         MOV       ?V0,R1
   \   000007   8A..         MOV       ?V2,R2
    139          
    140          #if (defined (BLINK_LEDS)) && (HAL_LED == TRUE)
    141            uint8 led;
    142            HalLedControl_t *sts;
    143          
    144            switch (mode)
   \   000009   EA           MOV       A,R2
   \   00000A   602F         JZ        ??HalLedSet_0
   \   00000C   14           DEC       A
   \   00000D   602C         JZ        ??HalLedSet_0
   \   00000F   14           DEC       A
   \   000010   600A         JZ        ??HalLedSet_1
   \   000012   24FE         ADD       A,#-0x2
   \   000014   601B         JZ        ??HalLedSet_2
   \   000016   24FC         ADD       A,#-0x4
   \   000018   6021         JZ        ??HalLedSet_0
   \   00001A   800B         SJMP      ??HalLedSet_3
    145            {
    146              case HAL_LED_MODE_BLINK:
    147                /* Default blink, 1 time, D% duty cycle */
    148                HalLedBlink (leds, 1, HAL_LED_DEFAULT_DUTY_CYCLE, HAL_LED_DEFAULT_FLASH_TIME);
   \                     ??HalLedSet_1:
   \   00001C                ; Setup parameters for call to function HalLedBlink
   \   00001C   7CE8         MOV       R4,#-0x18
   \   00001E   7D03         MOV       R5,#0x3
   \   000020   7B05         MOV       R3,#0x5
   \   000022   7A01         MOV       R2,#0x1
   \                     ??HalLedSet_4:
   \   000024   12....       LCALL     `??HalLedBlink::?relay`; Banked call to: HalLedBlink
    149                break;
    150          
    151              case HAL_LED_MODE_FLASH:
    152                /* Default flash, N times, D% duty cycle */
    153                HalLedBlink (leds, HAL_LED_DEFAULT_FLASH_COUNT, HAL_LED_DEFAULT_DUTY_CYCLE, HAL_LED_DEFAULT_FLASH_TIME);
    154                break;
    155          
    156              case HAL_LED_MODE_ON:
    157              case HAL_LED_MODE_OFF:
    158              case HAL_LED_MODE_TOGGLE:
    159          
    160                led = HAL_LED_1;
    161                leds &= HAL_LED_ALL;
    162                sts = HalLedStatusControl.HalLedControlTable;
    163          
    164                while (leds)
    165                {
    166                  if (leds & led)
    167                  {
    168                    if (mode != HAL_LED_MODE_TOGGLE)
    169                    {
    170                      sts->mode = mode;  /* ON or OFF */
    171                    }
    172                    else
    173                    {
    174                      sts->mode ^= HAL_LED_MODE_ON;  /* Toggle */
    175                    }
    176                    HalLedOnOff (led, sts->mode);
    177                    leds ^= led;
    178                  }
    179                  led <<= 1;
    180                  sts++;
    181                }
    182                break;
    183          
    184              default:
    185                break;
    186            }
    187          
    188          #elif (HAL_LED == TRUE)
    189            LedOnOff(leds, mode);
    190          #else
    191            // HAL LED is disabled, suppress unused argument warnings
    192            (void) leds;
    193            (void) mode;
    194          #endif /* BLINK_LEDS && HAL_LED   */
    195          
    196            return ( HalLedState );
   \                     ??HalLedSet_3:
   \   000027   90....       MOV       DPTR,#HalLedState
   \   00002A   E0           MOVX      A,@DPTR
   \   00002B   F9           MOV       R1,A
   \   00002C   7F03         MOV       R7,#0x3
   \   00002E   02....       LJMP      ?BANKED_LEAVE_XDATA
   \                     ??HalLedSet_2:
   \   000031                ; Setup parameters for call to function HalLedBlink
   \   000031   7CE8         MOV       R4,#-0x18
   \   000033   7D03         MOV       R5,#0x3
   \   000035   7B05         MOV       R3,#0x5
   \   000037   7A32         MOV       R2,#0x32
   \   000039   80E9         SJMP      ??HalLedSet_4
   \                     ??HalLedSet_0:
   \   00003B   75..01       MOV       ?V1,#0x1
   \   00003E   53..0F       ANL       ?V0,#0xf
   \   000041   7E..         MOV       R6,#HalLedStatusControl & 0xff
   \   000043   7F..         MOV       R7,#(HalLedStatusControl >> 8) & 0xff
   \   000045   801C         SJMP      ??HalLedSet_5
   \                     ??HalLedSet_6:
   \   000047   E0           MOVX      A,@DPTR
   \   000048   6401         XRL       A,#0x1
   \                     ??HalLedSet_7:
   \   00004A   F0           MOVX      @DPTR,A
   \   00004B                ; Setup parameters for call to function HalLedOnOff
   \   00004B   E0           MOVX      A,@DPTR
   \   00004C   FA           MOV       R2,A
   \   00004D   A9..         MOV       R1,?V1
   \   00004F   12....       LCALL     `??HalLedOnOff::?relay`; Banked call to: HalLedOnOff
   \   000052   E5..         MOV       A,?V1
   \   000054   62..         XRL       ?V0,A
   \                     ??HalLedSet_8:
   \   000056   E5..         MOV       A,?V1
   \   000058   C3           CLR       C
   \   000059   33           RLC       A
   \   00005A   F5..         MOV       ?V1,A
   \   00005C   EE           MOV       A,R6
   \   00005D   2409         ADD       A,#0x9
   \   00005F   FE           MOV       R6,A
   \   000060   5001         JNC       ??HalLedSet_5
   \   000062   0F           INC       R7
   \                     ??HalLedSet_5:
   \   000063   E5..         MOV       A,?V0
   \   000065   60C0         JZ        ??HalLedSet_3
   \   000067   55..         ANL       A,?V1
   \   000069   60EB         JZ        ??HalLedSet_8
   \   00006B   7408         MOV       A,#0x8
   \   00006D   65..         XRL       A,?V2
   \   00006F   8E82         MOV       DPL,R6
   \   000071   8F83         MOV       DPH,R7
   \   000073   60D2         JZ        ??HalLedSet_6
   \   000075   E5..         MOV       A,?V2
   \   000077   80D1         SJMP      ??HalLedSet_7
    197          
    198          }
    199          
    200          /***************************************************************************************************
    201           * @fn      HalLedBlink
    202           *
    203           * @brief   Blink the leds
    204           *
    205           * @param   leds       - bit mask value of leds to be blinked
    206           *          numBlinks  - number of blinks
    207           *          percent    - the percentage in each period where the led
    208           *                       will be on
    209           *          period     - length of each cycle in milliseconds
    210           *
    211           * @return  None
    212           ***************************************************************************************************/

   \                                 In  segment BANKED_CODE, align 1, keep-with-next
    213          void HalLedBlink (uint8 leds, uint8 numBlinks, uint8 percent, uint16 period)
   \                     HalLedBlink:
    214          {
   \   000000                REQUIRE ?V0
   \   000000                REQUIRE ?V1
   \   000000                REQUIRE ?V2
   \   000000                REQUIRE ?V3
   \   000000                REQUIRE ?V4
   \   000000                REQUIRE ?V5
   \   000000   74F2         MOV       A,#-0xe
   \   000002   12....       LCALL     ?BANKED_ENTER_XDATA
   \   000005                ; Saved register size: 14
   \   000005                ; Auto size: 0
   \   000005   89..         MOV       ?V0,R1
   \   000007   8A..         MOV       ?V3,R2
   \   000009   8B..         MOV       ?V2,R3
   \   00000B   8C..         MOV       ?V4,R4
   \   00000D   8D..         MOV       ?V5,R5
    215          #if (defined (BLINK_LEDS)) && (HAL_LED == TRUE)
    216            uint8 led;
    217            HalLedControl_t *sts;
    218          
    219            if (leds && percent && period)
   \   00000F   E9           MOV       A,R1
   \   000010   7003         JNZ       $+5
   \   000012   02....       LJMP      ??HalLedBlink_0 & 0xFFFF
   \   000015   EB           MOV       A,R3
   \   000016   7003         JNZ       $+5
   \   000018   02....       LJMP      ??HalLedBlink_0 & 0xFFFF
   \   00001B   EC           MOV       A,R4
   \   00001C   4D           ORL       A,R5
   \   00001D   7003         JNZ       $+5
   \   00001F   02....       LJMP      ??HalLedBlink_0 & 0xFFFF
    220            {
    221              if (percent < 100)
   \   000022   EB           MOV       A,R3
   \   000023   C3           CLR       C
   \   000024   9464         SUBB      A,#0x64
   \   000026   4003         JC        $+5
   \   000028   02....       LJMP      ??HalLedBlink_1 & 0xFFFF
    222              {
    223                led = HAL_LED_1;
   \   00002B   75..01       MOV       ?V1,#0x1
    224                leds &= HAL_LED_ALL;
   \   00002E   53..0F       ANL       ?V0,#0xf
    225                sts = HalLedStatusControl.HalLedControlTable;
   \   000031   7E..         MOV       R6,#HalLedStatusControl & 0xff
   \   000033   7F..         MOV       R7,#(HalLedStatusControl >> 8) & 0xff
   \   000035   8075         SJMP      ??HalLedBlink_2
    226          
    227                while (leds)
    228                {
    229                  if (leds & led)
   \                     ??HalLedBlink_3:
   \   000037   55..         ANL       A,?V1
   \   000039   6064         JZ        ??HalLedBlink_4
    230                  {
    231                    /* Store the current state of the led before going to blinking if not already blinking */
    232                    if(sts->mode < HAL_LED_MODE_BLINK )
   \   00003B   8E82         MOV       DPL,R6
   \   00003D   8F83         MOV       DPH,R7
   \   00003F   E0           MOVX      A,@DPTR
   \   000040   C3           CLR       C
   \   000041   9402         SUBB      A,#0x2
   \   000043   500D         JNC       ??HalLedBlink_5
    233                    	preBlinkState |= (led & HalLedState);
   \   000045   90....       MOV       DPTR,#HalLedState
   \   000048   E0           MOVX      A,@DPTR
   \   000049   55..         ANL       A,?V1
   \   00004B   F8           MOV       R0,A
   \   00004C   90....       MOV       DPTR,#preBlinkState
   \   00004F   E0           MOVX      A,@DPTR
   \   000050   48           ORL       A,R0
   \   000051   F0           MOVX      @DPTR,A
    234          
    235                    sts->mode  = HAL_LED_MODE_OFF;                    /* Stop previous blink */
   \                     ??HalLedBlink_5:
   \   000052   8E82         MOV       DPL,R6
   \   000054   8F83         MOV       DPH,R7
   \   000056   E4           CLR       A
   \   000057   F0           MOVX      @DPTR,A
    236                    sts->time  = period;                              /* Time for one on/off cycle */
   \   000058   A3           INC       DPTR
   \   000059   A3           INC       DPTR
   \   00005A   A3           INC       DPTR
   \   00005B   E5..         MOV       A,?V4
   \   00005D   F0           MOVX      @DPTR,A
   \   00005E   A3           INC       DPTR
   \   00005F   E5..         MOV       A,?V5
   \   000061   F0           MOVX      @DPTR,A
    237                    sts->onPct = percent;                             /* % of cycle LED is on */
   \   000062   8E82         MOV       DPL,R6
   \   000064   8F83         MOV       DPH,R7
   \   000066   A3           INC       DPTR
   \   000067   A3           INC       DPTR
   \   000068   E5..         MOV       A,?V2
   \   00006A   F0           MOVX      @DPTR,A
    238                    sts->todo  = numBlinks;                           /* Number of blink cycles */
   \   00006B   8E82         MOV       DPL,R6
   \   00006D   8F83         MOV       DPH,R7
   \   00006F   A3           INC       DPTR
   \   000070   E5..         MOV       A,?V3
   \   000072   F0           MOVX      @DPTR,A
    239                    if (!numBlinks) sts->mode |= HAL_LED_MODE_FLASH;  /* Continuous */
   \   000073   7007         JNZ       ??HalLedBlink_6
   \   000075   8E82         MOV       DPL,R6
   \   000077   8F83         MOV       DPH,R7
   \   000079   7404         MOV       A,#0x4
   \   00007B   F0           MOVX      @DPTR,A
    240                    sts->next = osal_GetSystemClock();                /* Start now */
   \                     ??HalLedBlink_6:
   \   00007C                ; Setup parameters for call to function osal_GetSystemClock
   \   00007C   12....       LCALL     `??osal_GetSystemClock::?relay`; Banked call to: osal_GetSystemClock
   \   00007F   EA           MOV       A,R2
   \   000080   F8           MOV       R0,A
   \   000081   EB           MOV       A,R3
   \   000082   F9           MOV       R1,A
   \   000083   EC           MOV       A,R4
   \   000084   FA           MOV       R2,A
   \   000085   ED           MOV       A,R5
   \   000086   FB           MOV       R3,A
   \   000087   8E82         MOV       DPL,R6
   \   000089   8F83         MOV       DPH,R7
   \   00008B   A3           INC       DPTR
   \   00008C   A3           INC       DPTR
   \   00008D   A3           INC       DPTR
   \   00008E   A3           INC       DPTR
   \   00008F   A3           INC       DPTR
   \   000090   12....       LCALL     ?XSTORE_R0123
    241                    sts->mode |= HAL_LED_MODE_BLINK;                  /* Enable blinking */
   \   000093   8E82         MOV       DPL,R6
   \   000095   8F83         MOV       DPH,R7
   \   000097   E0           MOVX      A,@DPTR
   \   000098   D2E1         SETB      0xE0 /* A   */.1
   \   00009A   F0           MOVX      @DPTR,A
    242                    leds ^= led;
   \   00009B   E5..         MOV       A,?V1
   \   00009D   62..         XRL       ?V0,A
    243                  }
    244                  led <<= 1;
   \                     ??HalLedBlink_4:
   \   00009F   E5..         MOV       A,?V1
   \   0000A1   C3           CLR       C
   \   0000A2   33           RLC       A
   \   0000A3   F5..         MOV       ?V1,A
    245                  sts++;
   \   0000A5   EE           MOV       A,R6
   \   0000A6   2409         ADD       A,#0x9
   \   0000A8   FE           MOV       R6,A
   \   0000A9   5001         JNC       ??HalLedBlink_2
   \   0000AB   0F           INC       R7
    246                }
   \                     ??HalLedBlink_2:
   \   0000AC   E5..         MOV       A,?V0
   \   0000AE   7087         JNZ       ??HalLedBlink_3
    247                // Cancel any overlapping timer for blink events
    248                osal_stop_timerEx(Hal_TaskID, HAL_LED_BLINK_EVENT);
   \   0000B0                ; Setup parameters for call to function osal_stop_timerEx
   \   0000B0   7A20         MOV       R2,#0x20
   \   0000B2   7B00         MOV       R3,#0x0
   \   0000B4   90....       MOV       DPTR,#Hal_TaskID
   \   0000B7   E0           MOVX      A,@DPTR
   \   0000B8   F9           MOV       R1,A
   \   0000B9   12....       LCALL     `??osal_stop_timerEx::?relay`; Banked call to: osal_stop_timerEx
    249                osal_set_event (Hal_TaskID, HAL_LED_BLINK_EVENT);
   \   0000BC                ; Setup parameters for call to function osal_set_event
   \   0000BC   7A20         MOV       R2,#0x20
   \   0000BE   7B00         MOV       R3,#0x0
   \   0000C0   90....       MOV       DPTR,#Hal_TaskID
   \   0000C3   E0           MOVX      A,@DPTR
   \   0000C4   F9           MOV       R1,A
   \   0000C5   12....       LCALL     `??osal_set_event::?relay`; Banked call to: osal_set_event
   \   0000C8   8009         SJMP      ??HalLedBlink_7
    250              }
    251              else
    252              {
    253                HalLedSet (leds, HAL_LED_MODE_ON);                    /* >= 100%, turn on */
   \                     ??HalLedBlink_1:
   \   0000CA                ; Setup parameters for call to function HalLedSet
   \   0000CA   7A01         MOV       R2,#0x1
   \   0000CC   8002         SJMP      ??HalLedBlink_8
    254              }
    255            }
    256            else
    257            {
    258              HalLedSet (leds, HAL_LED_MODE_OFF);                     /* No on time, turn off */
   \                     ??HalLedBlink_0:
   \   0000CE                ; Setup parameters for call to function HalLedSet
   \   0000CE   7A00         MOV       R2,#0x0
   \                     ??HalLedBlink_8:
   \   0000D0   12....       LCALL     `??HalLedSet::?relay`; Banked call to: HalLedSet
    259            }
    260          #elif (HAL_LED == TRUE)
    261            percent = (leds & HalLedState) ? HAL_LED_MODE_OFF : HAL_LED_MODE_ON;
    262            HalLedOnOff (leds, percent);                              /* Toggle */
    263          #else
    264            // HAL LED is disabled, suppress unused argument warnings
    265            (void) leds;
    266            (void) numBlinks;
    267            (void) percent;
    268            (void) period;
    269          #endif /* BLINK_LEDS && HAL_LED */
    270          }
   \                     ??HalLedBlink_7:
   \   0000D3   7F06         MOV       R7,#0x6
   \   0000D5   02....       LJMP      ?BANKED_LEAVE_XDATA
    271          
    272          #if (HAL_LED == TRUE)
    273          /***************************************************************************************************
    274           * @fn      HalLedUpdate
    275           *
    276           * @brief   Update leds to work with blink
    277           *
    278           * @param   none
    279           *
    280           * @return  none
    281           ***************************************************************************************************/

   \                                 In  segment BANKED_CODE, align 1, keep-with-next
    282          void HalLedUpdate (void)
   \                     HalLedUpdate:
    283          {
   \   000000                REQUIRE ?V0
   \   000000                REQUIRE ?V1
   \   000000                REQUIRE ?V2
   \   000000                REQUIRE ?V3
   \   000000                REQUIRE ?V4
   \   000000                REQUIRE ?V5
   \   000000                REQUIRE ?V6
   \   000000                REQUIRE ?V7
   \   000000   74F0         MOV       A,#-0x10
   \   000002   12....       LCALL     ?BANKED_ENTER_XDATA
   \   000005                ; Saved register size: 16
   \   000005                ; Auto size: 13
   \   000005   74F3         MOV       A,#-0xd
   \   000007   12....       LCALL     ?ALLOC_XSTACK8
    284            uint8 led;
    285            uint8 pct;
    286            uint8 leds;
    287            HalLedControl_t *sts;
    288            uint32 time;
    289            uint16 next;
    290            uint16 wait;
    291          
    292            next = 0;
   \   00000A   7405         MOV       A,#0x5
   \   00000C   12....       LCALL     ?XSTACK_DISP0_8
   \   00000F   E4           CLR       A
   \   000010   F0           MOVX      @DPTR,A
   \   000011   A3           INC       DPTR
   \   000012   F0           MOVX      @DPTR,A
    293            led  = HAL_LED_1;
   \   000013   85..82       MOV       DPL,?XSP + 0
   \   000016   85..83       MOV       DPH,?XSP + 1
   \   000019   04           INC       A
   \   00001A   F0           MOVX      @DPTR,A
    294            leds = HAL_LED_ALL;
   \   00001B   7403         MOV       A,#0x3
   \   00001D   12....       LCALL     ?XSTACK_DISP0_8
   \   000020   740F         MOV       A,#0xf
   \   000022   F0           MOVX      @DPTR,A
    295            sts = HalLedStatusControl.HalLedControlTable;
   \   000023   7401         MOV       A,#0x1
   \   000025   12....       LCALL     ?XSTACK_DISP0_8
   \   000028   74..         MOV       A,#HalLedStatusControl & 0xff
   \   00002A   F0           MOVX      @DPTR,A
   \   00002B   A3           INC       DPTR
   \   00002C   74..         MOV       A,#(HalLedStatusControl >> 8) & 0xff
   \   00002E   F0           MOVX      @DPTR,A
    296          
    297            /* Check if sleep is active or not */
    298            if (!HalLedStatusControl.sleepActive)
   \   00002F   90....       MOV       DPTR,#HalLedStatusControl + 36
   \   000032   E0           MOVX      A,@DPTR
   \   000033   6003         JZ        $+5
   \   000035   02....       LJMP      ??HalLedUpdate_0 & 0xFFFF
    299            {
    300              while (leds)
    301              {
    302                if (leds & led)
   \                     ??HalLedUpdate_1:
   \   000038   85..82       MOV       DPL,?XSP + 0
   \   00003B   85..83       MOV       DPH,?XSP + 1
   \   00003E   E0           MOVX      A,@DPTR
   \   00003F   F8           MOV       R0,A
   \   000040   7403         MOV       A,#0x3
   \   000042   12....       LCALL     ?XSTACK_DISP0_8
   \   000045   E0           MOVX      A,@DPTR
   \   000046   58           ANL       A,R0
   \   000047   7003         JNZ       $+5
   \   000049   02....       LJMP      ??HalLedUpdate_2 & 0xFFFF
    303                {
    304                  if (sts->mode & HAL_LED_MODE_BLINK)
   \   00004C   7401         MOV       A,#0x1
   \   00004E   12....       LCALL     ?XSTACK_DISP0_8
   \   000051   12....       LCALL     ?Subroutine2 & 0xFFFF
   \                     ??CrossCallReturnLabel_2:
   \   000054   4003         JC        $+5
   \   000056   02....       LJMP      ??HalLedUpdate_3 & 0xFFFF
    305                  {
    306                    time = osal_GetSystemClock();
   \   000059                ; Setup parameters for call to function osal_GetSystemClock
   \   000059   12....       LCALL     `??osal_GetSystemClock::?relay`; Banked call to: osal_GetSystemClock
   \   00005C   7409         MOV       A,#0x9
   \   00005E   12....       LCALL     ?XSTACK_DISP0_8
   \   000061   12....       LCALL     ?XSTORE_R2345
    307                    if (time >= sts->next)
   \   000064   7401         MOV       A,#0x1
   \   000066   12....       LCALL     ?XSTACK_DISP0_8
   \   000069   E0           MOVX      A,@DPTR
   \   00006A   2405         ADD       A,#0x5
   \   00006C   F8           MOV       R0,A
   \   00006D   A3           INC       DPTR
   \   00006E   E0           MOVX      A,@DPTR
   \   00006F   3400         ADDC      A,#0x0
   \   000071   F9           MOV       R1,A
   \   000072   7407         MOV       A,#0x7
   \   000074   12....       LCALL     ?XSTACK_DISP0_8
   \   000077   E8           MOV       A,R0
   \   000078   F0           MOVX      @DPTR,A
   \   000079   A3           INC       DPTR
   \   00007A   E9           MOV       A,R1
   \   00007B   F0           MOVX      @DPTR,A
   \   00007C   7407         MOV       A,#0x7
   \   00007E   12....       LCALL     ?XSTACK_DISP0_8
   \   000081   12....       LCALL     ?Subroutine4 & 0xFFFF
   \                     ??CrossCallReturnLabel_7:
   \   000084   12....       LCALL     ?L_MOV_X
   \   000087   7409         MOV       A,#0x9
   \   000089   12....       LCALL     ?XSTACK_DISP0_8
   \   00008C   78..         MOV       R0,#?V0
   \   00008E   12....       LCALL     ?UL_GT_X
   \   000091   5003         JNC       $+5
   \   000093   02....       LJMP      ??HalLedUpdate_4 & 0xFFFF
    308                    {
    309                      if (sts->mode & HAL_LED_MODE_ON)
   \   000096   7401         MOV       A,#0x1
   \   000098   12....       LCALL     ?XSTACK_DISP0_8
   \   00009B   E0           MOVX      A,@DPTR
   \   00009C   2401         ADD       A,#0x1
   \   00009E   F8           MOV       R0,A
   \   00009F   A3           INC       DPTR
   \   0000A0   E0           MOVX      A,@DPTR
   \   0000A1   3400         ADDC      A,#0x0
   \   0000A3   F9           MOV       R1,A
   \   0000A4   E8           MOV       A,R0
   \   0000A5   FE           MOV       R6,A
   \   0000A6   E9           MOV       A,R1
   \   0000A7   FF           MOV       R7,A
   \   0000A8   7401         MOV       A,#0x1
   \   0000AA   12....       LCALL     ?XSTACK_DISP0_8
   \   0000AD   18           DEC       R0
   \   0000AE   12....       LCALL     ?Subroutine5 & 0xFFFF
   \                     ??CrossCallReturnLabel_9:
   \   0000B1   A2E0         MOV       C,0xE0 /* A   */.0
   \   0000B3   503B         JNC       ??HalLedUpdate_5
    310                      {
    311                        pct = 100 - sts->onPct;               /* Percentage of cycle for off */
   \   0000B5   7401         MOV       A,#0x1
   \   0000B7   12....       LCALL     ?XSTACK_DISP0_8
   \   0000BA   12....       LCALL     ?Subroutine7 & 0xFFFF
   \                     ??CrossCallReturnLabel_12:
   \   0000BD   F8           MOV       R0,A
   \   0000BE   7464         MOV       A,#0x64
   \   0000C0   C3           CLR       C
   \   0000C1   98           SUBB      A,R0
   \   0000C2   C0E0         PUSH      A
   \   0000C4   7404         MOV       A,#0x4
   \   0000C6   12....       LCALL     ?XSTACK_DISP0_8
   \   0000C9   D0E0         POP       A
   \   0000CB   F0           MOVX      @DPTR,A
    312                        sts->mode &= ~HAL_LED_MODE_ON;        /* Say it's not on */
   \   0000CC   7401         MOV       A,#0x1
   \   0000CE   12....       LCALL     ?XSTACK_DISP0_8
   \   0000D1   12....       LCALL     ?Subroutine3 & 0xFFFF
   \                     ??CrossCallReturnLabel_4:
   \   0000D4   C2E0         CLR       0xE0 /* A   */.0
   \   0000D6   F0           MOVX      @DPTR,A
    313                        HalLedOnOff (led, HAL_LED_MODE_OFF);  /* Turn it off */
   \   0000D7                ; Setup parameters for call to function HalLedOnOff
   \   0000D7   7A00         MOV       R2,#0x0
   \   0000D9   12....       LCALL     ?Subroutine6 & 0xFFFF
    314          
    315                        if (!(sts->mode & HAL_LED_MODE_FLASH))
   \                     ??CrossCallReturnLabel_20:
   \   0000DC   7401         MOV       A,#0x1
   \   0000DE   12....       LCALL     ?XSTACK_DISP0_8
   \   0000E1   12....       LCALL     ?Subroutine3 & 0xFFFF
   \                     ??CrossCallReturnLabel_5:
   \   0000E4   A2E2         MOV       C,0xE0 /* A   */.2
   \   0000E6   404A         JC        ??CrossCallReturnLabel_21
    316                        {
    317                          sts->todo--;                        /* Not continuous, reduce count */
   \   0000E8   8E82         MOV       DPL,R6
   \   0000EA   8F83         MOV       DPH,R7
   \   0000EC   E0           MOVX      A,@DPTR
   \   0000ED   14           DEC       A
   \   0000EE   801D         SJMP      ??HalLedUpdate_6
    318                        }
    319                      }            
    320                      else if ( (!sts->todo) && !(sts->mode & HAL_LED_MODE_FLASH) )
   \                     ??HalLedUpdate_5:
   \   0000F0   8E82         MOV       DPL,R6
   \   0000F2   8983         MOV       DPH,R1
   \   0000F4   E0           MOVX      A,@DPTR
   \   0000F5   7019         JNZ       ??HalLedUpdate_7
   \   0000F7   7401         MOV       A,#0x1
   \   0000F9   12....       LCALL     ?XSTACK_DISP0_8
   \   0000FC   12....       LCALL     ?Subroutine5 & 0xFFFF
   \                     ??CrossCallReturnLabel_10:
   \   0000FF   A2E2         MOV       C,0xE0 /* A   */.2
   \   000101   400D         JC        ??HalLedUpdate_7
    321                      {
    322                        sts->mode ^= HAL_LED_MODE_BLINK;      /* No more blinks */  
   \   000103   7401         MOV       A,#0x1
   \   000105   12....       LCALL     ?XSTACK_DISP0_8
   \   000108   12....       LCALL     ?Subroutine5 & 0xFFFF
    323                      }            
   \                     ??CrossCallReturnLabel_11:
   \   00010B   6402         XRL       A,#0x2
   \                     ??HalLedUpdate_6:
   \   00010D   F0           MOVX      @DPTR,A
   \   00010E   8022         SJMP      ??CrossCallReturnLabel_21
    324                      else
    325                      {
    326                        pct = sts->onPct;                     /* Percentage of cycle for on */
   \                     ??HalLedUpdate_7:
   \   000110   7401         MOV       A,#0x1
   \   000112   12....       LCALL     ?XSTACK_DISP0_8
   \   000115   12....       LCALL     ?Subroutine7 & 0xFFFF
   \                     ??CrossCallReturnLabel_13:
   \   000118   C0E0         PUSH      A
   \   00011A   7404         MOV       A,#0x4
   \   00011C   12....       LCALL     ?XSTACK_DISP0_8
   \   00011F   D0E0         POP       A
   \   000121   F0           MOVX      @DPTR,A
    327                        sts->mode |= HAL_LED_MODE_ON;         /* Say it's on */
   \   000122   7401         MOV       A,#0x1
   \   000124   12....       LCALL     ?XSTACK_DISP0_8
   \   000127   12....       LCALL     ?Subroutine3 & 0xFFFF
   \                     ??CrossCallReturnLabel_6:
   \   00012A   D2E0         SETB      0xE0 /* A   */.0
   \   00012C   F0           MOVX      @DPTR,A
    328                        HalLedOnOff (led, HAL_LED_MODE_ON);   /* Turn it on */
   \   00012D                ; Setup parameters for call to function HalLedOnOff
   \   00012D   7A01         MOV       R2,#0x1
   \   00012F   12....       LCALL     ?Subroutine6 & 0xFFFF
    329                      }
    330                      if (sts->mode & HAL_LED_MODE_BLINK)
   \                     ??CrossCallReturnLabel_21:
   \   000132   7401         MOV       A,#0x1
   \   000134   12....       LCALL     ?XSTACK_DISP0_8
   \   000137   12....       LCALL     ?Subroutine2 & 0xFFFF
   \                     ??CrossCallReturnLabel_3:
   \   00013A   5056         JNC       ??HalLedUpdate_8
    331                      {
    332                        wait = (((uint32)pct * (uint32)sts->time) / 100);
   \   00013C   7404         MOV       A,#0x4
   \   00013E   12....       LCALL     ?XSTACK_DISP0_8
   \   000141   E0           MOVX      A,@DPTR
   \   000142   F5..         MOV       ?V4,A
   \   000144   E4           CLR       A
   \   000145   F5..         MOV       ?V5,A
   \   000147   F5..         MOV       ?V6,A
   \   000149   F5..         MOV       ?V7,A
   \   00014B   04           INC       A
   \   00014C   12....       LCALL     ?XSTACK_DISP0_8
   \   00014F   12....       LCALL     ?Subroutine9 & 0xFFFF
   \                     ??CrossCallReturnLabel_16:
   \   000152   A3           INC       DPTR
   \   000153   A3           INC       DPTR
   \   000154   A3           INC       DPTR
   \   000155   12....       LCALL     ?Subroutine1 & 0xFFFF
   \                     ??CrossCallReturnLabel_0:
   \   000158   78..         MOV       R0,#?V4
   \   00015A   79..         MOV       R1,#?V0
   \   00015C   12....       LCALL     ?L_MUL
   \   00015F   90....       MOV       DPTR,#__Constant_64
   \   000162   78..         MOV       R0,#?V0
   \   000164   12....       LCALL     ?L_MOV_X
   \   000167   78..         MOV       R0,#?V4
   \   000169   79..         MOV       R1,#?V0
   \   00016B   12....       LCALL     ?UL_DIV_MOD
   \   00016E   AE..         MOV       R6,?V4
   \   000170   AF..         MOV       R7,?V5
    333                        sts->next = time + wait;
   \   000172   7409         MOV       A,#0x9
   \   000174   12....       LCALL     ?XSTACK_DISP0_8
   \   000177   8E..         MOV       ?V0,R6
   \   000179   8F..         MOV       ?V1,R7
   \   00017B   E4           CLR       A
   \   00017C   F5..         MOV       ?V2,A
   \   00017E   F5..         MOV       ?V3,A
   \   000180   78..         MOV       R0,#?V0
   \   000182   12....       LCALL     ?L_ADD_X
   \   000185   7407         MOV       A,#0x7
   \   000187   12....       LCALL     ?XSTACK_DISP0_8
   \   00018A   12....       LCALL     ?Subroutine4 & 0xFFFF
    334                      }
   \                     ??CrossCallReturnLabel_8:
   \   00018D   12....       LCALL     ?L_MOV_TO_X
   \   000190   804A         SJMP      ??HalLedUpdate_9
    335                      else
    336                      {
    337                        /* no more blink, no more wait */
    338                        wait = 0;
   \                     ??HalLedUpdate_8:
   \   000192   7E00         MOV       R6,#0x0
   \   000194   7F00         MOV       R7,#0x0
    339                        /* After blinking, set the LED back to the state before it blinks */
    340                        HalLedSet (led, ((preBlinkState & led)!=0)?HAL_LED_MODE_ON:HAL_LED_MODE_OFF);
   \   000196   85..82       MOV       DPL,?XSP + 0
   \   000199   85..83       MOV       DPH,?XSP + 1
   \   00019C   E0           MOVX      A,@DPTR
   \   00019D   F8           MOV       R0,A
   \   00019E   90....       MOV       DPTR,#preBlinkState
   \   0001A1   E0           MOVX      A,@DPTR
   \   0001A2   58           ANL       A,R0
   \   0001A3   6004         JZ        ??HalLedUpdate_10
   \   0001A5   7A01         MOV       R2,#0x1
   \   0001A7   8002         SJMP      ??HalLedUpdate_11
   \                     ??HalLedUpdate_10:
   \   0001A9   7A00         MOV       R2,#0x0
   \                     ??HalLedUpdate_11:
   \   0001AB                ; Setup parameters for call to function HalLedSet
   \   0001AB   85..82       MOV       DPL,?XSP + 0
   \   0001AE   85..83       MOV       DPH,?XSP + 1
   \   0001B1   E0           MOVX      A,@DPTR
   \   0001B2   F9           MOV       R1,A
   \   0001B3   12....       LCALL     `??HalLedSet::?relay`; Banked call to: HalLedSet
    341                        /* Clear the saved bit */
    342                        preBlinkState &= (led ^ 0xFF);
   \   0001B6   85..82       MOV       DPL,?XSP + 0
   \   0001B9   85..83       MOV       DPH,?XSP + 1
   \   0001BC   E0           MOVX      A,@DPTR
   \   0001BD   F4           CPL       A
   \   0001BE   F8           MOV       R0,A
   \   0001BF   90....       MOV       DPTR,#preBlinkState
   \   0001C2   E0           MOVX      A,@DPTR
   \   0001C3   58           ANL       A,R0
   \   0001C4   F0           MOVX      @DPTR,A
   \   0001C5   8015         SJMP      ??HalLedUpdate_9
    343                      }
    344                    }
    345                    else
    346                    {
    347                      wait = sts->next - time;  /* Time left */
   \                     ??HalLedUpdate_4:
   \   0001C7   7409         MOV       A,#0x9
   \   0001C9   12....       LCALL     ?XSTACK_DISP0_8
   \   0001CC   78..         MOV       R0,#?V4
   \   0001CE   12....       LCALL     ?L_MOV_X
   \   0001D1   E5..         MOV       A,?V0
   \   0001D3   C3           CLR       C
   \   0001D4   95..         SUBB      A,?V4
   \   0001D6   FE           MOV       R6,A
   \   0001D7   E5..         MOV       A,?V1
   \   0001D9   95..         SUBB      A,?V5
   \   0001DB   FF           MOV       R7,A
    348                    }
    349          
    350                    if (!next || ( wait && (wait < next) ))
   \                     ??HalLedUpdate_9:
   \   0001DC   7405         MOV       A,#0x5
   \   0001DE   12....       LCALL     ?XSTACK_DISP0_8
   \   0001E1   E0           MOVX      A,@DPTR
   \   0001E2   F8           MOV       R0,A
   \   0001E3   A3           INC       DPTR
   \   0001E4   E0           MOVX      A,@DPTR
   \   0001E5   F9           MOV       R1,A
   \   0001E6   E8           MOV       A,R0
   \   0001E7   49           ORL       A,R1
   \   0001E8   600B         JZ        ??HalLedUpdate_12
   \   0001EA   EE           MOV       A,R6
   \   0001EB   4F           ORL       A,R7
   \   0001EC   6011         JZ        ??HalLedUpdate_3
   \   0001EE   C3           CLR       C
   \   0001EF   EE           MOV       A,R6
   \   0001F0   98           SUBB      A,R0
   \   0001F1   EF           MOV       A,R7
   \   0001F2   99           SUBB      A,R1
   \   0001F3   500A         JNC       ??HalLedUpdate_3
    351                    {
    352                      next = wait;
   \                     ??HalLedUpdate_12:
   \   0001F5   7405         MOV       A,#0x5
   \   0001F7   12....       LCALL     ?XSTACK_DISP0_8
   \   0001FA   EE           MOV       A,R6
   \   0001FB   F0           MOVX      @DPTR,A
   \   0001FC   A3           INC       DPTR
   \   0001FD   EF           MOV       A,R7
   \   0001FE   F0           MOVX      @DPTR,A
    353                    }
    354                  }
    355                  leds ^= led;
   \                     ??HalLedUpdate_3:
   \   0001FF   85..82       MOV       DPL,?XSP + 0
   \   000202   85..83       MOV       DPH,?XSP + 1
   \   000205   E0           MOVX      A,@DPTR
   \   000206   F8           MOV       R0,A
   \   000207   7403         MOV       A,#0x3
   \   000209   12....       LCALL     ?XSTACK_DISP0_8
   \   00020C   E0           MOVX      A,@DPTR
   \   00020D   68           XRL       A,R0
   \   00020E   F0           MOVX      @DPTR,A
    356                }
    357                led <<= 1;
   \                     ??HalLedUpdate_2:
   \   00020F   85..82       MOV       DPL,?XSP + 0
   \   000212   85..83       MOV       DPH,?XSP + 1
   \   000215   E0           MOVX      A,@DPTR
   \   000216   C3           CLR       C
   \   000217   33           RLC       A
   \   000218   F0           MOVX      @DPTR,A
    358                sts++;
   \   000219   7401         MOV       A,#0x1
   \   00021B   12....       LCALL     ?XSTACK_DISP0_8
   \   00021E   E0           MOVX      A,@DPTR
   \   00021F   2409         ADD       A,#0x9
   \   000221   F8           MOV       R0,A
   \   000222   A3           INC       DPTR
   \   000223   E0           MOVX      A,@DPTR
   \   000224   3400         ADDC      A,#0x0
   \   000226   F9           MOV       R1,A
   \   000227   7401         MOV       A,#0x1
   \   000229   12....       LCALL     ?XSTACK_DISP0_8
   \   00022C   E8           MOV       A,R0
   \   00022D   F0           MOVX      @DPTR,A
   \   00022E   A3           INC       DPTR
   \   00022F   E9           MOV       A,R1
   \   000230   F0           MOVX      @DPTR,A
    359              }
   \   000231   7403         MOV       A,#0x3
   \   000233   12....       LCALL     ?XSTACK_DISP0_8
   \   000236   E0           MOVX      A,@DPTR
   \   000237   6003         JZ        $+5
   \   000239   02....       LJMP      ??HalLedUpdate_1 & 0xFFFF
    360          
    361              if (next)
   \   00023C   7405         MOV       A,#0x5
   \   00023E   12....       LCALL     ?XSTACK_DISP0_8
   \   000241   E0           MOVX      A,@DPTR
   \   000242   F8           MOV       R0,A
   \   000243   A3           INC       DPTR
   \   000244   E0           MOVX      A,@DPTR
   \   000245   F9           MOV       R1,A
   \   000246   E8           MOV       A,R0
   \   000247   49           ORL       A,R1
   \   000248   601E         JZ        ??HalLedUpdate_0
    362              {
    363                osal_start_timerEx(Hal_TaskID, HAL_LED_BLINK_EVENT, next);   /* Schedule event */
   \   00024A                ; Setup parameters for call to function osal_start_timerEx
   \   00024A   7405         MOV       A,#0x5
   \   00024C   12....       LCALL     ?XSTACK_DISP0_8
   \   00024F   12....       LCALL     ?Subroutine1 & 0xFFFF
    364              }
    365            }
   \                     ??CrossCallReturnLabel_1:
   \   000252   78..         MOV       R0,#?V0
   \   000254   12....       LCALL     ?PUSH_XSTACK_I_FOUR
   \   000257   7A20         MOV       R2,#0x20
   \   000259   7B00         MOV       R3,#0x0
   \   00025B   90....       MOV       DPTR,#Hal_TaskID
   \   00025E   E0           MOVX      A,@DPTR
   \   00025F   F9           MOV       R1,A
   \   000260   12....       LCALL     `??osal_start_timerEx::?relay`; Banked call to: osal_start_timerEx
   \   000263   7404         MOV       A,#0x4
   \   000265   12....       LCALL     ?DEALLOC_XSTACK8
    366          }
   \                     ??HalLedUpdate_0:
   \   000268   740D         MOV       A,#0xd
   \   00026A   12....       LCALL     ?DEALLOC_XSTACK8
   \   00026D   7F08         MOV       R7,#0x8
   \   00026F   02....       LJMP      ?BANKED_LEAVE_XDATA

   \                                 In  segment BANKED_CODE, align 1, keep-with-next
   \                     ?Subroutine7:
   \   000000   12....       LCALL     ?Subroutine9 & 0xFFFF
   \                     ??CrossCallReturnLabel_19:
   \   000003   A3           INC       DPTR
   \   000004   A3           INC       DPTR
   \   000005   E0           MOVX      A,@DPTR
   \   000006   22           RET

   \                                 In  segment BANKED_CODE, align 1, keep-with-next
   \                     ?Subroutine6:
   \   000000   85..82       MOV       DPL,?XSP + 0
   \   000003   85..83       MOV       DPH,?XSP + 1
   \   000006                REQUIRE ??Subroutine10_0
   \   000006                ; // Fall through to label ??Subroutine10_0

   \                                 In  segment BANKED_CODE, align 1, keep-with-next
   \                     ??Subroutine10_0:
   \   000000   E0           MOVX      A,@DPTR
   \   000001   F9           MOV       R1,A
   \   000002   12....       LCALL     `??HalLedOnOff::?relay`; Banked call to: HalLedOnOff
   \   000005   22           RET

   \                                 In  segment BANKED_CODE, align 1, keep-with-next
   \                     ?Subroutine5:
   \   000000   12....       LCALL     ?Subroutine9 & 0xFFFF
   \                     ??CrossCallReturnLabel_18:
   \   000003   E0           MOVX      A,@DPTR
   \   000004   22           RET

   \                                 In  segment BANKED_CODE, align 1, keep-with-next
   \                     ?Subroutine9:
   \   000000   A3           INC       DPTR
   \   000001   E0           MOVX      A,@DPTR
   \   000002   F583         MOV       DPH,A
   \   000004   8882         MOV       DPL,R0
   \   000006   22           RET

   \                                 In  segment BANKED_CODE, align 1, keep-with-next
   \                     ?Subroutine4:
   \   000000   E0           MOVX      A,@DPTR
   \   000001   F8           MOV       R0,A
   \   000002   12....       LCALL     ?Subroutine9 & 0xFFFF
   \                     ??CrossCallReturnLabel_17:
   \   000005   78..         MOV       R0,#?V0
   \   000007   22           RET

   \                                 In  segment BANKED_CODE, align 1, keep-with-next
   \                     ?Subroutine3:
   \   000000   12....       LCALL     ?Subroutine8 & 0xFFFF
   \                     ??CrossCallReturnLabel_15:
   \   000003   22           RET

   \                                 In  segment BANKED_CODE, align 1, keep-with-next
   \                     ?Subroutine8:
   \   000000   E0           MOVX      A,@DPTR
   \   000001   F8           MOV       R0,A
   \   000002   A3           INC       DPTR
   \   000003   E0           MOVX      A,@DPTR
   \   000004   F583         MOV       DPH,A
   \   000006   8882         MOV       DPL,R0
   \   000008   E0           MOVX      A,@DPTR
   \   000009   22           RET

   \                                 In  segment BANKED_CODE, align 1, keep-with-next
   \                     ?Subroutine2:
   \   000000   12....       LCALL     ?Subroutine8 & 0xFFFF
   \                     ??CrossCallReturnLabel_14:
   \   000003   A2E1         MOV       C,0xE0 /* A   */.1
   \   000005   22           RET

   \                                 In  segment BANKED_CODE, align 1, keep-with-next
   \                     ?Subroutine1:
   \   000000   E0           MOVX      A,@DPTR
   \   000001   F5..         MOV       ?V0,A
   \   000003   A3           INC       DPTR
   \   000004   E0           MOVX      A,@DPTR
   \   000005   F5..         MOV       ?V1,A
   \   000007   E4           CLR       A
   \   000008   F5..         MOV       ?V2,A
   \   00000A   F5..         MOV       ?V3,A
   \   00000C   22           RET
    367          
    368          /***************************************************************************************************
    369           * @fn      HalLedOnOff
    370           *
    371           * @brief   Turns specified LED ON or OFF
    372           *
    373           * @param   leds - LED bit mask
    374           *          mode - LED_ON,LED_OFF,
    375           *
    376           * @return  none
    377           ***************************************************************************************************/

   \                                 In  segment BANKED_CODE, align 1, keep-with-next
    378          void HalLedOnOff (uint8 leds, uint8 mode)
   \                     HalLedOnOff:
    379          {
   \   000000   C082         PUSH      DPL
   \   000002   C083         PUSH      DPH
   \   000004                ; Saved register size: 2
   \   000004                ; Auto size: 0
    380            if (leds & HAL_LED_1)
   \   000004   E9           MOV       A,R1
   \   000005   A2E0         MOV       C,0xE0 /* A   */.0
   \   000007   500B         JNC       ??HalLedOnOff_0
    381            {
    382              if (mode == HAL_LED_MODE_ON)
   \   000009   7401         MOV       A,#0x1
   \   00000B   6A           XRL       A,R2
   \   00000C   7004         JNZ       ??HalLedOnOff_1
    383              {
    384                HAL_TURN_ON_LED1();
   \   00000E   D290         SETB      0x90.0
   \   000010   8002         SJMP      ??HalLedOnOff_0
    385              }
    386              else
    387              {
    388                HAL_TURN_OFF_LED1();
   \                     ??HalLedOnOff_1:
   \   000012   C290         CLR       0x90.0
    389              }
    390            }
    391          
    392            if (leds & HAL_LED_2)
   \                     ??HalLedOnOff_0:
   \   000014   E9           MOV       A,R1
   \   000015   A2E1         MOV       C,0xE0 /* A   */.1
   \   000017   500B         JNC       ??HalLedOnOff_2
    393            {
    394              if (mode == HAL_LED_MODE_ON)
   \   000019   7401         MOV       A,#0x1
   \   00001B   6A           XRL       A,R2
   \   00001C   7004         JNZ       ??HalLedOnOff_3
    395              {
    396                HAL_TURN_ON_LED2();
   \   00001E   D291         SETB      0x90.1
   \   000020   8002         SJMP      ??HalLedOnOff_2
    397              }
    398              else
    399              {
    400                HAL_TURN_OFF_LED2();
   \                     ??HalLedOnOff_3:
   \   000022   C291         CLR       0x90.1
    401              }
    402            }
    403          
    404            if (leds & HAL_LED_3)
   \                     ??HalLedOnOff_2:
   \   000024   E9           MOV       A,R1
   \   000025   A2E2         MOV       C,0xE0 /* A   */.2
   \   000027   500B         JNC       ??HalLedOnOff_4
    405            {
    406              if (mode == HAL_LED_MODE_ON)
   \   000029   7401         MOV       A,#0x1
   \   00002B   6A           XRL       A,R2
   \   00002C   7004         JNZ       ??HalLedOnOff_5
    407              {
    408                HAL_TURN_ON_LED3();
   \   00002E   D284         SETB      0x80.4
   \   000030   8005         SJMP      ??HalLedOnOff_6
    409              }
    410              else
    411              {
    412                HAL_TURN_OFF_LED3();
   \                     ??HalLedOnOff_5:
   \   000032   C284         CLR       0x80.4
    413              }
    414            }
    415          
    416            /* Remember current state */
    417            if (mode)
   \                     ??HalLedOnOff_4:
   \   000034   EA           MOV       A,R2
   \   000035   6007         JZ        ??HalLedOnOff_7
    418            {
    419              HalLedState |= leds;
   \                     ??HalLedOnOff_6:
   \   000037   90....       MOV       DPTR,#HalLedState
   \   00003A   E0           MOVX      A,@DPTR
   \   00003B   49           ORL       A,R1
   \   00003C   8009         SJMP      ??HalLedOnOff_8
    420            }
    421            else
    422            {
    423              HalLedState &= (leds ^ 0xFF);
   \                     ??HalLedOnOff_7:
   \   00003E   74FF         MOV       A,#-0x1
   \   000040   69           XRL       A,R1
   \   000041   F8           MOV       R0,A
   \   000042   90....       MOV       DPTR,#HalLedState
   \   000045   E0           MOVX      A,@DPTR
   \   000046   58           ANL       A,R0
    424            }
   \                     ??HalLedOnOff_8:
   \   000047   80..         SJMP      ??Subroutine11_0
   \   000049                REQUIRE _A_P1
   \   000049                REQUIRE _A_P0
    425          }
    426          #endif /* HAL_LED */
    427          
    428          /***************************************************************************************************
    429           * @fn      HalGetLedState
    430           *
    431           * @brief   Dim LED2 - Dim (set level) of LED2
    432           *
    433           * @param   none
    434           *
    435           * @return  led state
    436           ***************************************************************************************************/

   \                                 In  segment BANKED_CODE, align 1, keep-with-next
    437          uint8 HalLedGetState ()
   \                     HalLedGetState:
    438          {
   \   000000   C082         PUSH      DPL
   \   000002   C083         PUSH      DPH
   \   000004                ; Saved register size: 2
   \   000004                ; Auto size: 0
    439          #if (HAL_LED == TRUE)
    440            return HalLedState;
   \   000004   90....       MOV       DPTR,#HalLedState
   \   000007   E0           MOVX      A,@DPTR
   \   000008   F9           MOV       R1,A
   \   000009   80..         SJMP      ??Subroutine12_0
    441          #else
    442            return 0;
    443          #endif
    444          }
    445          
    446          /***************************************************************************************************
    447           * @fn      HalLedEnterSleep
    448           *
    449           * @brief   Store current LEDs state before sleep
    450           *
    451           * @param   none
    452           *
    453           * @return  none
    454           ***************************************************************************************************/

   \                                 In  segment BANKED_CODE, align 1, keep-with-next
    455          void HalLedEnterSleep( void )
   \                     HalLedEnterSleep:
    456          {
   \   000000   C082         PUSH      DPL
   \   000002   C083         PUSH      DPH
   \   000004                ; Saved register size: 2
   \   000004                ; Auto size: 0
    457          #ifdef BLINK_LEDS
    458            /* Sleep ON */
    459            HalLedStatusControl.sleepActive = TRUE;
   \   000004   90....       MOV       DPTR,#HalLedStatusControl + 36
   \   000007   7401         MOV       A,#0x1
   \   000009   F0           MOVX      @DPTR,A
    460          #endif /* BLINK_LEDS */
    461          
    462          #if (HAL_LED == TRUE)
    463            /* Save the state of each led */
    464            HalSleepLedState = 0;
    465            HalSleepLedState |= HAL_STATE_LED1();
   \   00000A   AA90         MOV       R2,0x90+0x0
    466            HalSleepLedState |= HAL_STATE_LED2() << 1;
   \   00000C   A990         MOV       R1,0x90+0x0
    467            HalSleepLedState |= HAL_STATE_LED3() << 2;
   \   00000E   A880         MOV       R0,0x80+0x0
   \   000010   E9           MOV       A,R1
   \   000011   A2E1         MOV       C,0xE0 /* A   */.1
   \   000013   5004         JNC       ??HalLedEnterSleep_0
   \   000015   D2F0         SETB      B.0
   \   000017   8002         SJMP      ??HalLedEnterSleep_1
   \                     ??HalLedEnterSleep_0:
   \   000019   C2F0         CLR       B.0
   \                     ??HalLedEnterSleep_1:
   \   00001B   E8           MOV       A,R0
   \   00001C   A2E4         MOV       C,0xE0 /* A   */.4
   \   00001E   5004         JNC       ??HalLedEnterSleep_2
   \   000020   D2F1         SETB      B.1
   \   000022   8002         SJMP      ??HalLedEnterSleep_3
   \                     ??HalLedEnterSleep_2:
   \   000024   C2F1         CLR       B.1
   \                     ??HalLedEnterSleep_3:
   \   000026   A2F1         MOV       C,B.1
   \   000028   E4           CLR       A
   \   000029   33           RLC       A
   \   00002A   33           RLC       A
   \   00002B   33           RLC       A
   \   00002C   F9           MOV       R1,A
   \   00002D   A2F0         MOV       C,B.0
   \   00002F   E4           CLR       A
   \   000030   33           RLC       A
   \   000031   33           RLC       A
   \   000032   F8           MOV       R0,A
   \   000033   EA           MOV       A,R2
   \   000034   A2E0         MOV       C,0xE0 /* A   */.0
   \   000036   E4           CLR       A
   \   000037   33           RLC       A
   \   000038   48           ORL       A,R0
   \   000039   49           ORL       A,R1
   \   00003A   90....       MOV       DPTR,#HalSleepLedState
   \   00003D   F0           MOVX      @DPTR,A
    468          
    469            /* TURN OFF all LEDs to save power */
    470            HalLedOnOff (HAL_LED_ALL, HAL_LED_MODE_OFF);
   \   00003E                ; Setup parameters for call to function HalLedOnOff
   \   00003E   7A00         MOV       R2,#0x0
   \   000040   790F         MOV       R1,#0xf
   \   000042   12....       LCALL     `??HalLedOnOff::?relay`; Banked call to: HalLedOnOff
    471          #endif /* HAL_LED */
    472          
    473          }
   \   000045   80..         SJMP      ??Subroutine12_0
   \   000047                REQUIRE _A_P1
   \   000047                REQUIRE _A_P0
    474          
    475          /***************************************************************************************************
    476           * @fn      HalLedExitSleep
    477           *
    478           * @brief   Restore current LEDs state after sleep
    479           *
    480           * @param   none
    481           *
    482           * @return  none
    483           ***************************************************************************************************/

   \                                 In  segment BANKED_CODE, align 1, keep-with-next
    484          void HalLedExitSleep( void )
   \                     HalLedExitSleep:
    485          {
   \   000000   C082         PUSH      DPL
   \   000002   C083         PUSH      DPH
   \   000004                ; Saved register size: 2
   \   000004                ; Auto size: 0
    486          #if (HAL_LED == TRUE)
    487            /* Load back the saved state */
    488            HalLedOnOff(HalSleepLedState, HAL_LED_MODE_ON);
   \   000004                ; Setup parameters for call to function HalLedOnOff
   \   000004   7A01         MOV       R2,#0x1
   \   000006   90....       MOV       DPTR,#HalSleepLedState
   \   000009   12....       LCALL     ??Subroutine10_0 & 0xFFFF
    489          
    490            /* Restart - This takes care BLINKING LEDS */
    491            HalLedUpdate();
   \                     ??CrossCallReturnLabel_22:
   \   00000C                ; Setup parameters for call to function HalLedUpdate
   \   00000C   12....       LCALL     `??HalLedUpdate::?relay`; Banked call to: HalLedUpdate
    492          #endif /* HAL_LED */
    493          
    494          #ifdef BLINK_LEDS
    495            /* Sleep OFF */
    496            HalLedStatusControl.sleepActive = FALSE;
   \   00000F   80..         SJMP      ?Subroutine0
    497          #endif /* BLINK_LEDS */
    498          }

   \                                 In  segment XDATA_ROM_C, align 1
   \                     __Constant_64:
   \   000000   64000000     DD 100

   \                                 In  segment BANK_RELAYS, align 1
   \                     `??HalLedInit::?relay`:
   \   000000   12....       LCALL   ?BDISPATCH
   \   000003   ......       DC24    HalLedInit

   \                                 In  segment BANK_RELAYS, align 1
   \                     `??HalLedSet::?relay`:
   \   000000   12....       LCALL   ?BDISPATCH
   \   000003   ......       DC24    HalLedSet

   \                                 In  segment BANK_RELAYS, align 1
   \                     `??HalLedBlink::?relay`:
   \   000000   12....       LCALL   ?BDISPATCH
   \   000003   ......       DC24    HalLedBlink

   \                                 In  segment BANK_RELAYS, align 1
   \                     `??HalLedUpdate::?relay`:
   \   000000   12....       LCALL   ?BDISPATCH
   \   000003   ......       DC24    HalLedUpdate

   \                                 In  segment BANK_RELAYS, align 1
   \                     `??HalLedOnOff::?relay`:
   \   000000   12....       LCALL   ?BDISPATCH
   \   000003   ......       DC24    HalLedOnOff

   \                                 In  segment BANK_RELAYS, align 1
   \                     `??HalLedGetState::?relay`:
   \   000000   12....       LCALL   ?BDISPATCH
   \   000003   ......       DC24    HalLedGetState

   \                                 In  segment BANK_RELAYS, align 1
   \                     `??HalLedEnterSleep::?relay`:
   \   000000   12....       LCALL   ?BDISPATCH
   \   000003   ......       DC24    HalLedEnterSleep

   \                                 In  segment BANK_RELAYS, align 1
   \                     `??HalLedExitSleep::?relay`:
   \   000000   12....       LCALL   ?BDISPATCH
   \   000003   ......       DC24    HalLedExitSleep
    499          
    500          /***************************************************************************************************
    501          ***************************************************************************************************/
    502          
    503          
    504          
    505          

   Maximum stack usage in bytes:

   ISTACK XSTACK Function
   ------ ------ --------
      1     25   HalLedBlink
        0     14   -> HalLedSet
        0     14   -> osal_GetSystemClock
        0     14   -> osal_set_event
        0     14   -> osal_stop_timerEx
      2      0   HalLedEnterSleep
        2      0   -> HalLedOnOff
      2      0   HalLedExitSleep
        2      0   -> HalLedOnOff
        2      0   -> HalLedUpdate
      2      0   HalLedGetState
      2      0   HalLedInit
        2      0   -> HalLedSet
      2     29   HalLedOnOff
      1     40   HalLedSet
        0     11   -> HalLedBlink
        0     11   -> HalLedOnOff
      1     33   HalLedUpdate
        0     29   -> HalLedOnOff
        0     29   -> HalLedSet
        0     29   -> osal_GetSystemClock
        0     33   -> osal_start_timerEx


   Segment part sizes:

   Bytes  Function/Label
   -----  --------------
       6  ??Subroutine10_0
       1  ??Subroutine11_0
       7  ??Subroutine12_0
       4  ?Subroutine0
      13  ?Subroutine1
       6  ?Subroutine2
       4  ?Subroutine3
       8  ?Subroutine4
       5  ?Subroutine5
       6  ?Subroutine6
       7  ?Subroutine7
      10  ?Subroutine8
       7  ?Subroutine9
     216  HalLedBlink
       6  HalLedBlink::?relay
      71  HalLedEnterSleep
       6  HalLedEnterSleep::?relay
      17  HalLedExitSleep
       6  HalLedExitSleep::?relay
      11  HalLedGetState
       6  HalLedGetState::?relay
      14  HalLedInit
       6  HalLedInit::?relay
      73  HalLedOnOff
       6  HalLedOnOff::?relay
     121  HalLedSet
       6  HalLedSet::?relay
       1  HalLedState
      37  HalLedStatusControl
     626  HalLedUpdate
       6  HalLedUpdate::?relay
       1  HalSleepLedState
       1  _A_P0
       1  _A_P1
       4  __Constant_64
       1  preBlinkState

 
 1 233 bytes in segment BANKED_CODE
    48 bytes in segment BANK_RELAYS
     2 bytes in segment SFR_AN
     4 bytes in segment XDATA_ROM_C
    40 bytes in segment XDATA_Z
 
    48 bytes of CODE     memory
     0 bytes of CONST    memory (+ 4 bytes shared)
     0 bytes of DATA     memory (+ 2 bytes shared)
 1 233 bytes of HUGECODE memory
    40 bytes of XDATA    memory

Errors: none
Warnings: none
